2024-01-15 18:43:33 INFO  Log:14 - *****************************
2024-01-15 18:43:33 INFO  Log:15 - *****************************
2024-01-15 18:43:33 INFO  Log:16 - ********This is the beginning of my Test case**********
2024-01-15 18:43:33 INFO  Log:27 - My test case is executing right now
2024-01-15 18:43:33 INFO  Log:31 - My test case might have some trivial issues
2024-01-15 18:43:34 INFO  Log:27 - This test case is about to get completed
2024-01-15 18:43:34 INFO  Log:21 - ######################################
2024-01-15 18:43:34 INFO  Log:22 - ######################################
2024-01-15 18:43:34 INFO  Log:23 - #################This test case is finished#####################
2024-01-15 18:55:28 INFO  Log:14 - *****************************
2024-01-15 18:55:28 INFO  Log:15 - *****************************
2024-01-15 18:55:28 INFO  Log:16 - ********This is the beginning of my Test case**********
2024-01-15 18:55:28 INFO  Log:27 - My test case is executing right now
2024-01-15 18:55:28 INFO  Log:31 - My test case might have some trivial issues
2024-01-15 18:55:30 INFO  Log:27 - This test case is about to get completed
2024-01-15 18:55:30 INFO  Log:21 - ######################################
2024-01-15 18:55:30 INFO  Log:22 - ######################################
2024-01-15 18:55:30 INFO  Log:23 - #################This test case is finished#####################
2024-01-15 19:10:14 INFO  Log:14 - *****************************
2024-01-15 19:10:14 INFO  Log:15 - *****************************
2024-01-15 19:10:14 INFO  Log:16 - ********This is the beginning of my Test case**********
2024-01-15 19:10:14 INFO  Log:27 - My test case is executing right now
2024-01-15 19:10:14 INFO  Log:31 - My test case might have some trivial issues
2024-01-15 19:10:16 INFO  Log:27 - This test case is about to get completed
2024-01-15 19:10:16 INFO  Log:21 - ######################################
2024-01-15 19:10:16 INFO  Log:22 - ######################################
2024-01-15 19:10:16 INFO  Log:23 - #################This test case is finished#####################
2024-01-15 19:11:16 INFO  Log:14 - *****************************
2024-01-15 19:11:16 INFO  Log:15 - *****************************
2024-01-15 19:11:16 INFO  Log:16 - ********This is the beginning of my Test case**********
2024-01-15 19:11:16 INFO  Log:27 - My test case is executing right now
2024-01-15 19:11:16 INFO  Log:31 - My test case might have some trivial issues
2024-01-15 19:11:18 INFO  Log:27 - This test case is about to get completed
2024-01-15 19:11:18 INFO  Log:21 - ######################################
2024-01-15 19:11:18 INFO  Log:22 - ######################################
2024-01-15 19:11:18 INFO  Log:23 - #################This test case is finished#####################
2024-01-15 19:14:19 INFO  Log:14 - *****************************
2024-01-15 19:14:19 INFO  Log:15 - *****************************
2024-01-15 19:14:19 INFO  Log:16 - ********This is the beginning of my Test case**********
2024-01-15 19:14:19 INFO  Log:27 - My test case is executing right now
2024-01-15 19:14:19 INFO  Log:31 - My test case might have some trivial issues
2024-01-15 19:14:23 INFO  Log:27 - This test case is about to get completed
2024-01-15 19:14:23 INFO  Log:21 - ######################################
2024-01-15 19:14:23 INFO  Log:22 - ######################################
2024-01-15 19:14:23 INFO  Log:23 - #################This test case is finished#####################
2024-01-16 12:23:13 INFO  Log:14 - *****************************
2024-01-16 12:23:13 INFO  Log:15 - *****************************
2024-01-16 12:23:13 INFO  Log:16 - ********This is the beginning of my Test case**********
2024-01-16 12:23:13 INFO  Log:27 - My test case is executing right now
2024-01-16 12:23:13 INFO  Log:31 - My test case might have some trivial issues
2024-01-16 12:23:16 INFO  Log:27 - This test case is about to get completed
2024-01-16 12:23:16 INFO  Log:21 - ######################################
2024-01-16 12:23:16 INFO  Log:22 - ######################################
2024-01-16 12:23:16 INFO  Log:23 - #################This test case is finished#####################
2024-01-16 12:24:08 INFO  Log:14 - *****************************
2024-01-16 12:24:08 INFO  Log:15 - *****************************
2024-01-16 12:24:08 INFO  Log:16 - ********This is the beginning of my Test case**********
2024-01-16 12:24:08 INFO  Log:27 - My test case is executing right now
2024-01-16 12:24:08 INFO  Log:31 - My test case might have some trivial issues
2024-01-16 12:25:14 INFO  Log:14 - *****************************
2024-01-16 12:25:14 INFO  Log:15 - *****************************
2024-01-16 12:25:14 INFO  Log:16 - ********This is the beginning of my Test case**********
2024-01-16 12:25:14 INFO  Log:27 - My test case is executing right now
2024-01-16 12:25:14 INFO  Log:31 - My test case might have some trivial issues
2024-01-16 12:25:17 INFO  Log:27 - This test case is about to get completed
2024-01-16 12:25:17 INFO  Log:21 - ######################################
2024-01-16 12:25:17 INFO  Log:22 - ######################################
2024-01-16 12:25:17 INFO  Log:23 - #################This test case is finished#####################
2024-01-16 12:30:57 INFO  Log:14 - *****************************
2024-01-16 12:30:57 INFO  Log:15 - *****************************
2024-01-16 12:30:57 INFO  Log:16 - ********This is the beginning of my Test case**********
2024-01-16 12:30:57 INFO  Log:27 - My test case is executing right now
2024-01-16 12:30:57 INFO  Log:31 - My test case might have some trivial issues
2024-01-16 15:18:53 INFO  Log:14 - *****************************
2024-01-16 15:18:53 INFO  Log:15 - *****************************
2024-01-16 15:18:53 INFO  Log:16 - ********This is the beginning of my Test case**********
2024-01-16 15:18:53 INFO  Log:27 - My test case is executing right now
2024-01-16 15:18:53 INFO  Log:31 - My test case might have some trivial issues
2024-01-16 15:18:55 INFO  Log:27 - This test case is about to get completed
2024-01-16 15:18:55 INFO  Log:21 - ######################################
2024-01-16 15:18:55 INFO  Log:22 - ######################################
2024-01-16 15:18:55 INFO  Log:23 - #################This test case is finished#####################
2024-01-16 16:33:25 INFO  Log:14 - *****************************
2024-01-16 16:33:25 INFO  Log:15 - *****************************
2024-01-16 16:33:26 INFO  Log:16 - ********This is the beginning of my Test case**********
2024-01-16 16:33:26 INFO  Log:27 - My test case is executing right now
2024-01-16 16:33:26 INFO  Log:31 - My test case might have some trivial issues
2024-01-16 16:33:28 INFO  Log:27 - This test case is about to get completed
2024-01-16 16:33:28 INFO  Log:21 - ######################################
2024-01-16 16:33:28 INFO  Log:22 - ######################################
2024-01-16 16:33:28 INFO  Log:23 - #################This test case is finished#####################
2024-01-16 16:33:30 INFO  Log:14 - *****************************
2024-01-16 16:33:30 INFO  Log:15 - *****************************
2024-01-16 16:33:30 INFO  Log:16 - ********This is the beginning of my Test case**********
2024-01-16 16:33:30 INFO  Log:27 - My test case is executing right now
2024-01-16 16:33:30 INFO  Log:31 - My test case might have some trivial issues
2024-01-16 16:33:32 INFO  Log:27 - This test case is about to get completed
2024-01-16 16:33:32 INFO  Log:21 - ######################################
2024-01-16 16:33:32 INFO  Log:22 - ######################################
2024-01-16 16:33:32 INFO  Log:23 - #################This test case is finished#####################
2024-01-16 16:33:36 INFO  Log:14 - *****************************
2024-01-16 16:33:36 INFO  Log:15 - *****************************
2024-01-16 16:33:36 INFO  Log:16 - ********This is the beginning of my Test case**********
2024-01-16 16:33:36 INFO  Log:27 - My test case is executing right now
2024-01-16 16:33:36 INFO  Log:31 - My test case might have some trivial issues
2024-01-16 16:33:38 INFO  Log:27 - This test case is about to get completed
2024-01-16 16:33:38 INFO  Log:21 - ######################################
2024-01-16 16:33:38 INFO  Log:22 - ######################################
2024-01-16 16:33:38 INFO  Log:23 - #################This test case is finished#####################
2024-01-16 16:33:41 INFO  Log:14 - *****************************
2024-01-16 16:33:41 INFO  Log:15 - *****************************
2024-01-16 16:33:41 INFO  Log:16 - ********This is the beginning of my Test case**********
2024-01-16 16:33:41 INFO  Log:27 - My test case is executing right now
2024-01-16 16:33:41 INFO  Log:31 - My test case might have some trivial issues
2024-01-16 16:33:42 INFO  Log:27 - This test case is about to get completed
2024-01-16 16:33:42 INFO  Log:21 - ######################################
2024-01-16 16:33:42 INFO  Log:22 - ######################################
2024-01-16 16:33:42 INFO  Log:23 - #################This test case is finished#####################
2024-01-16 16:33:45 INFO  Log:14 - *****************************
2024-01-16 16:33:45 INFO  Log:15 - *****************************
2024-01-16 16:33:45 INFO  Log:16 - ********This is the beginning of my Test case**********
2024-01-16 16:33:45 INFO  Log:27 - My test case is executing right now
2024-01-16 16:33:45 INFO  Log:31 - My test case might have some trivial issues
2024-01-16 16:33:47 INFO  Log:27 - This test case is about to get completed
2024-01-16 16:33:47 INFO  Log:21 - ######################################
2024-01-16 16:33:47 INFO  Log:22 - ######################################
2024-01-16 16:33:47 INFO  Log:23 - #################This test case is finished#####################
2024-01-16 16:35:38 INFO  Log:14 - *****************************
2024-01-16 16:35:38 INFO  Log:15 - *****************************
2024-01-16 16:35:38 INFO  Log:16 - ********This is the beginning of my Test case**********
2024-01-16 16:35:38 INFO  Log:27 - My test case is executing right now
2024-01-16 16:35:38 INFO  Log:31 - My test case might have some trivial issues
2024-01-16 16:35:40 INFO  Log:27 - This test case is about to get completed
2024-01-16 16:35:40 INFO  Log:21 - ######################################
2024-01-16 16:35:40 INFO  Log:22 - ######################################
2024-01-16 16:35:40 INFO  Log:23 - #################This test case is finished#####################
2024-01-16 16:35:43 INFO  Log:14 - *****************************
2024-01-16 16:35:43 INFO  Log:15 - *****************************
2024-01-16 16:35:43 INFO  Log:16 - ********This is the beginning of my Test case**********
2024-01-16 16:35:43 INFO  Log:27 - My test case is executing right now
2024-01-16 16:35:43 INFO  Log:31 - My test case might have some trivial issues
2024-01-16 16:35:45 INFO  Log:27 - This test case is about to get completed
2024-01-16 16:35:45 INFO  Log:21 - ######################################
2024-01-16 16:35:45 INFO  Log:22 - ######################################
2024-01-16 16:35:45 INFO  Log:23 - #################This test case is finished#####################
2024-01-16 16:35:48 INFO  Log:14 - *****************************
2024-01-16 16:35:48 INFO  Log:15 - *****************************
2024-01-16 16:35:48 INFO  Log:16 - ********This is the beginning of my Test case**********
2024-01-16 16:35:48 INFO  Log:27 - My test case is executing right now
2024-01-16 16:35:48 INFO  Log:31 - My test case might have some trivial issues
2024-01-16 16:35:50 INFO  Log:27 - This test case is about to get completed
2024-01-16 16:35:50 INFO  Log:21 - ######################################
2024-01-16 16:35:50 INFO  Log:22 - ######################################
2024-01-16 16:35:50 INFO  Log:23 - #################This test case is finished#####################
2024-01-16 16:35:53 INFO  Log:14 - *****************************
2024-01-16 16:35:53 INFO  Log:15 - *****************************
2024-01-16 16:35:53 INFO  Log:16 - ********This is the beginning of my Test case**********
2024-01-16 16:35:53 INFO  Log:27 - My test case is executing right now
2024-01-16 16:35:53 INFO  Log:31 - My test case might have some trivial issues
2024-01-16 16:35:55 INFO  Log:27 - This test case is about to get completed
2024-01-16 16:35:55 INFO  Log:21 - ######################################
2024-01-16 16:35:55 INFO  Log:22 - ######################################
2024-01-16 16:35:55 INFO  Log:23 - #################This test case is finished#####################
2024-01-16 16:35:58 INFO  Log:14 - *****************************
2024-01-16 16:35:58 INFO  Log:15 - *****************************
2024-01-16 16:35:58 INFO  Log:16 - ********This is the beginning of my Test case**********
2024-01-16 16:35:58 INFO  Log:27 - My test case is executing right now
2024-01-16 16:35:58 INFO  Log:31 - My test case might have some trivial issues
2024-01-16 16:36:00 INFO  Log:27 - This test case is about to get completed
2024-01-16 16:36:00 INFO  Log:21 - ######################################
2024-01-16 16:36:00 INFO  Log:22 - ######################################
2024-01-16 16:36:00 INFO  Log:23 - #################This test case is finished#####################
2024-01-16 17:33:01 INFO  Log:14 - *****************************
2024-01-16 17:33:01 INFO  Log:15 - *****************************
2024-01-16 17:33:01 INFO  Log:16 - ********This is the beginning of my Test case**********
2024-01-16 17:33:01 INFO  Log:27 - My test case is executing right now
2024-01-16 17:33:01 INFO  Log:31 - My test case might have some trivial issues
2024-01-16 17:33:04 INFO  Log:27 - This test case is about to get completed
2024-01-16 17:33:04 INFO  Log:21 - ######################################
2024-01-16 17:33:04 INFO  Log:22 - ######################################
2024-01-16 17:33:04 INFO  Log:23 - #################This test case is finished#####################
